<?xml version="1.0" encoding="UTF-8"?>
<testsuite xmlns:xsi="http://www.w3.org/2001/XMLSchema-instance" xsi:noNamespaceSchemaLocation="https://maven.apache.org/surefire/maven-surefire-plugin/xsd/surefire-test-report.xsd" version="3.0.2" name="com.eustachecode.eCommerce_java_app.ECommerceJavaAppApplicationTests" time="5.004" tests="1" errors="0" skipped="0" failures="0">
  <properties>
    <property name="java.specification.version" value="21"/>
    <property name="sun.jnu.encoding" value="UTF-8"/>
    <property name="java.class.path" value="/home/eustache/Deepen-fullstack-Roadmap/Java/Fullstack-java-app/eCommerce-java-app/target/test-classes:/home/eustache/Deepen-fullstack-Roadmap/Java/Fullstack-java-app/eCommerce-java-app/target/classes:/home/eustache/.m2/repository/org/springframework/boot/spring-boot-starter-data-jpa/3.4.5/spring-boot-starter-data-jpa-3.4.5.jar:/home/eustache/.m2/repository/org/springframework/boot/spring-boot-starter/3.4.5/spring-boot-starter-3.4.5.jar:/home/eustache/.m2/repository/org/springframework/boot/spring-boot/3.4.5/spring-boot-3.4.5.jar:/home/eustache/.m2/repository/org/springframework/boot/spring-boot-autoconfigure/3.4.5/spring-boot-autoconfigure-3.4.5.jar:/home/eustache/.m2/repository/org/springframework/boot/spring-boot-starter-logging/3.4.5/spring-boot-starter-logging-3.4.5.jar:/home/eustache/.m2/repository/ch/qos/logback/logback-classic/1.5.18/logback-classic-1.5.18.jar:/home/eustache/.m2/repository/ch/qos/logback/logback-core/1.5.18/logback-core-1.5.18.jar:/home/eustache/.m2/repository/org/apache/logging/log4j/log4j-to-slf4j/2.24.3/log4j-to-slf4j-2.24.3.jar:/home/eustache/.m2/repository/org/apache/logging/log4j/log4j-api/2.24.3/log4j-api-2.24.3.jar:/home/eustache/.m2/repository/org/slf4j/jul-to-slf4j/2.0.17/jul-to-slf4j-2.0.17.jar:/home/eustache/.m2/repository/jakarta/annotation/jakarta.annotation-api/2.1.1/jakarta.annotation-api-2.1.1.jar:/home/eustache/.m2/repository/org/yaml/snakeyaml/2.3/snakeyaml-2.3.jar:/home/eustache/.m2/repository/org/springframework/boot/spring-boot-starter-jdbc/3.4.5/spring-boot-starter-jdbc-3.4.5.jar:/home/eustache/.m2/repository/com/zaxxer/HikariCP/5.1.0/HikariCP-5.1.0.jar:/home/eustache/.m2/repository/org/springframework/spring-jdbc/6.2.6/spring-jdbc-6.2.6.jar:/home/eustache/.m2/repository/org/hibernate/orm/hibernate-core/6.6.13.Final/hibernate-core-6.6.13.Final.jar:/home/eustache/.m2/repository/jakarta/persistence/jakarta.persistence-api/3.1.0/jakarta.persistence-api-3.1.0.jar:/home/eustache/.m2/repository/jakarta/transaction/jakarta.transaction-api/2.0.1/jakarta.transaction-api-2.0.1.jar:/home/eustache/.m2/repository/org/jboss/logging/jboss-logging/3.6.1.Final/jboss-logging-3.6.1.Final.jar:/home/eustache/.m2/repository/org/hibernate/common/hibernate-commons-annotations/7.0.3.Final/hibernate-commons-annotations-7.0.3.Final.jar:/home/eustache/.m2/repository/io/smallrye/jandex/3.2.0/jandex-3.2.0.jar:/home/eustache/.m2/repository/com/fasterxml/classmate/1.7.0/classmate-1.7.0.jar:/home/eustache/.m2/repository/net/bytebuddy/byte-buddy/1.15.11/byte-buddy-1.15.11.jar:/home/eustache/.m2/repository/org/glassfish/jaxb/jaxb-runtime/4.0.5/jaxb-runtime-4.0.5.jar:/home/eustache/.m2/repository/org/glassfish/jaxb/jaxb-core/4.0.5/jaxb-core-4.0.5.jar:/home/eustache/.m2/repository/org/eclipse/angus/angus-activation/2.0.2/angus-activation-2.0.2.jar:/home/eustache/.m2/repository/org/glassfish/jaxb/txw2/4.0.5/txw2-4.0.5.jar:/home/eustache/.m2/repository/com/sun/istack/istack-commons-runtime/4.1.2/istack-commons-runtime-4.1.2.jar:/home/eustache/.m2/repository/jakarta/inject/jakarta.inject-api/2.0.1/jakarta.inject-api-2.0.1.jar:/home/eustache/.m2/repository/org/antlr/antlr4-runtime/4.13.0/antlr4-runtime-4.13.0.jar:/home/eustache/.m2/repository/org/springframework/data/spring-data-jpa/3.4.5/spring-data-jpa-3.4.5.jar:/home/eustache/.m2/repository/org/springframework/data/spring-data-commons/3.4.5/spring-data-commons-3.4.5.jar:/home/eustache/.m2/repository/org/springframework/spring-orm/6.2.6/spring-orm-6.2.6.jar:/home/eustache/.m2/repository/org/springframework/spring-context/6.2.6/spring-context-6.2.6.jar:/home/eustache/.m2/repository/org/springframework/spring-aop/6.2.6/spring-aop-6.2.6.jar:/home/eustache/.m2/repository/org/springframework/spring-tx/6.2.6/spring-tx-6.2.6.jar:/home/eustache/.m2/repository/org/springframework/spring-beans/6.2.6/spring-beans-6.2.6.jar:/home/eustache/.m2/repository/org/slf4j/slf4j-api/2.0.17/slf4j-api-2.0.17.jar:/home/eustache/.m2/repository/org/springframework/spring-aspects/6.2.6/spring-aspects-6.2.6.jar:/home/eustache/.m2/repository/org/aspectj/aspectjweaver/1.9.24/aspectjweaver-1.9.24.jar:/home/eustache/.m2/repository/org/springframework/boot/spring-boot-starter-validation/3.4.5/spring-boot-starter-validation-3.4.5.jar:/home/eustache/.m2/repository/org/apache/tomcat/embed/tomcat-embed-el/10.1.40/tomcat-embed-el-10.1.40.jar:/home/eustache/.m2/repository/org/hibernate/validator/hibernate-validator/8.0.2.Final/hibernate-validator-8.0.2.Final.jar:/home/eustache/.m2/repository/jakarta/validation/jakarta.validation-api/3.0.2/jakarta.validation-api-3.0.2.jar:/home/eustache/.m2/repository/org/springframework/boot/spring-boot-starter-web/3.4.5/spring-boot-starter-web-3.4.5.jar:/home/eustache/.m2/repository/org/springframework/boot/spring-boot-starter-json/3.4.5/spring-boot-starter-json-3.4.5.jar:/home/eustache/.m2/repository/com/fasterxml/jackson/core/jackson-databind/2.18.3/jackson-databind-2.18.3.jar:/home/eustache/.m2/repository/com/fasterxml/jackson/core/jackson-annotations/2.18.3/jackson-annotations-2.18.3.jar:/home/eustache/.m2/repository/com/fasterxml/jackson/core/jackson-core/2.18.3/jackson-core-2.18.3.jar:/home/eustache/.m2/repository/com/fasterxml/jackson/datatype/jackson-datatype-jdk8/2.18.3/jackson-datatype-jdk8-2.18.3.jar:/home/eustache/.m2/repository/com/fasterxml/jackson/datatype/jackson-datatype-jsr310/2.18.3/jackson-datatype-jsr310-2.18.3.jar:/home/eustache/.m2/repository/com/fasterxml/jackson/module/jackson-module-parameter-names/2.18.3/jackson-module-parameter-names-2.18.3.jar:/home/eustache/.m2/repository/org/springframework/boot/spring-boot-starter-tomcat/3.4.5/spring-boot-starter-tomcat-3.4.5.jar:/home/eustache/.m2/repository/org/apache/tomcat/embed/tomcat-embed-core/10.1.40/tomcat-embed-core-10.1.40.jar:/home/eustache/.m2/repository/org/apache/tomcat/embed/tomcat-embed-websocket/10.1.40/tomcat-embed-websocket-10.1.40.jar:/home/eustache/.m2/repository/org/springframework/spring-web/6.2.6/spring-web-6.2.6.jar:/home/eustache/.m2/repository/io/micrometer/micrometer-observation/1.14.6/micrometer-observation-1.14.6.jar:/home/eustache/.m2/repository/io/micrometer/micrometer-commons/1.14.6/micrometer-commons-1.14.6.jar:/home/eustache/.m2/repository/org/springframework/spring-webmvc/6.2.6/spring-webmvc-6.2.6.jar:/home/eustache/.m2/repository/org/springframework/spring-expression/6.2.6/spring-expression-6.2.6.jar:/home/eustache/.m2/repository/org/mapstruct/mapstruct/1.5.5.Final/mapstruct-1.5.5.Final.jar:/home/eustache/.m2/repository/org/mapstruct/mapstruct-processor/1.5.5.Final/mapstruct-processor-1.5.5.Final.jar:/home/eustache/.m2/repository/org/mybatis/spring/boot/mybatis-spring-boot-starter/3.0.2/mybatis-spring-boot-starter-3.0.2.jar:/home/eustache/.m2/repository/org/mybatis/spring/boot/mybatis-spring-boot-autoconfigure/3.0.2/mybatis-spring-boot-autoconfigure-3.0.2.jar:/home/eustache/.m2/repository/org/mybatis/mybatis/3.5.13/mybatis-3.5.13.jar:/home/eustache/.m2/repository/org/mybatis/mybatis-spring/3.0.2/mybatis-spring-3.0.2.jar:/home/eustache/.m2/repository/org/springdoc/springdoc-openapi-starter-webmvc-ui/2.8.6/springdoc-openapi-starter-webmvc-ui-2.8.6.jar:/home/eustache/.m2/repository/org/springdoc/springdoc-openapi-starter-webmvc-api/2.8.6/springdoc-openapi-starter-webmvc-api-2.8.6.jar:/home/eustache/.m2/repository/org/springdoc/springdoc-openapi-starter-common/2.8.6/springdoc-openapi-starter-common-2.8.6.jar:/home/eustache/.m2/repository/io/swagger/core/v3/swagger-core-jakarta/2.2.29/swagger-core-jakarta-2.2.29.jar:/home/eustache/.m2/repository/org/apache/commons/commons-lang3/3.17.0/commons-lang3-3.17.0.jar:/home/eustache/.m2/repository/io/swagger/core/v3/swagger-annotations-jakarta/2.2.29/swagger-annotations-jakarta-2.2.29.jar:/home/eustache/.m2/repository/io/swagger/core/v3/swagger-models-jakarta/2.2.29/swagger-models-jakarta-2.2.29.jar:/home/eustache/.m2/repository/com/fasterxml/jackson/dataformat/jackson-dataformat-yaml/2.18.3/jackson-dataformat-yaml-2.18.3.jar:/home/eustache/.m2/repository/org/webjars/swagger-ui/5.20.1/swagger-ui-5.20.1.jar:/home/eustache/.m2/repository/org/webjars/webjars-locator-lite/1.0.1/webjars-locator-lite-1.0.1.jar:/home/eustache/.m2/repository/org/jspecify/jspecify/1.0.0/jspecify-1.0.0.jar:/home/eustache/.m2/repository/org/postgresql/postgresql/42.7.5/postgresql-42.7.5.jar:/home/eustache/.m2/repository/org/checkerframework/checker-qual/3.48.3/checker-qual-3.48.3.jar:/home/eustache/.m2/repository/org/projectlombok/lombok/1.18.38/lombok-1.18.38.jar:/home/eustache/.m2/repository/org/springframework/boot/spring-boot-starter-test/3.4.5/spring-boot-starter-test-3.4.5.jar:/home/eustache/.m2/repository/org/springframework/boot/spring-boot-test/3.4.5/spring-boot-test-3.4.5.jar:/home/eustache/.m2/repository/org/springframework/boot/spring-boot-test-autoconfigure/3.4.5/spring-boot-test-autoconfigure-3.4.5.jar:/home/eustache/.m2/repository/com/jayway/jsonpath/json-path/2.9.0/json-path-2.9.0.jar:/home/eustache/.m2/repository/jakarta/xml/bind/jakarta.xml.bind-api/4.0.2/jakarta.xml.bind-api-4.0.2.jar:/home/eustache/.m2/repository/jakarta/activation/jakarta.activation-api/2.1.3/jakarta.activation-api-2.1.3.jar:/home/eustache/.m2/repository/net/minidev/json-smart/2.5.2/json-smart-2.5.2.jar:/home/eustache/.m2/repository/net/minidev/accessors-smart/2.5.2/accessors-smart-2.5.2.jar:/home/eustache/.m2/repository/org/ow2/asm/asm/9.7.1/asm-9.7.1.jar:/home/eustache/.m2/repository/org/assertj/assertj-core/3.26.3/assertj-core-3.26.3.jar:/home/eustache/.m2/repository/org/awaitility/awaitility/4.2.2/awaitility-4.2.2.jar:/home/eustache/.m2/repository/org/hamcrest/hamcrest/2.2/hamcrest-2.2.jar:/home/eustache/.m2/repository/org/junit/jupiter/junit-jupiter/5.11.4/junit-jupiter-5.11.4.jar:/home/eustache/.m2/repository/org/junit/jupiter/junit-jupiter-api/5.11.4/junit-jupiter-api-5.11.4.jar:/home/eustache/.m2/repository/org/opentest4j/opentest4j/1.3.0/opentest4j-1.3.0.jar:/home/eustache/.m2/repository/org/junit/platform/junit-platform-commons/1.11.4/junit-platform-commons-1.11.4.jar:/home/eustache/.m2/repository/org/apiguardian/apiguardian-api/1.1.2/apiguardian-api-1.1.2.jar:/home/eustache/.m2/repository/org/junit/jupiter/junit-jupiter-params/5.11.4/junit-jupiter-params-5.11.4.jar:/home/eustache/.m2/repository/org/junit/jupiter/junit-jupiter-engine/5.11.4/junit-jupiter-engine-5.11.4.jar:/home/eustache/.m2/repository/org/junit/platform/junit-platform-engine/1.11.4/junit-platform-engine-1.11.4.jar:/home/eustache/.m2/repository/org/mockito/mockito-core/5.14.2/mockito-core-5.14.2.jar:/home/eustache/.m2/repository/net/bytebuddy/byte-buddy-agent/1.15.11/byte-buddy-agent-1.15.11.jar:/home/eustache/.m2/repository/org/objenesis/objenesis/3.3/objenesis-3.3.jar:/home/eustache/.m2/repository/org/mockito/mockito-junit-jupiter/5.14.2/mockito-junit-jupiter-5.14.2.jar:/home/eustache/.m2/repository/org/skyscreamer/jsonassert/1.5.3/jsonassert-1.5.3.jar:/home/eustache/.m2/repository/com/vaadin/external/google/android-json/0.0.20131108.vaadin1/android-json-0.0.20131108.vaadin1.jar:/home/eustache/.m2/repository/org/springframework/spring-core/6.2.6/spring-core-6.2.6.jar:/home/eustache/.m2/repository/org/springframework/spring-jcl/6.2.6/spring-jcl-6.2.6.jar:/home/eustache/.m2/repository/org/springframework/spring-test/6.2.6/spring-test-6.2.6.jar:/home/eustache/.m2/repository/org/xmlunit/xmlunit-core/2.10.0/xmlunit-core-2.10.0.jar:"/>
    <property name="java.vm.vendor" value="Oracle Corporation"/>
    <property name="sun.arch.data.model" value="64"/>
    <property name="java.vendor.url" value="https://java.oracle.com/"/>
    <property name="user.timezone" value="Africa/Nairobi"/>
    <property name="org.jboss.logging.provider" value="slf4j"/>
    <property name="os.name" value="Linux"/>
    <property name="java.vm.specification.version" value="21"/>
    <property name="APPLICATION_NAME" value="eCommerce-java-app"/>
    <property name="sun.java.launcher" value="SUN_STANDARD"/>
    <property name="user.country" value="US"/>
    <property name="sun.boot.library.path" value="/home/eustache/jdk-21_linux/jdk-21.0.6/lib"/>
    <property name="sun.java.command" value="/home/eustache/Deepen-fullstack-Roadmap/Java/Fullstack-java-app/eCommerce-java-app/target/surefire/surefirebooter-20250427010800042_3.jar /home/eustache/Deepen-fullstack-Roadmap/Java/Fullstack-java-app/eCommerce-java-app/target/surefire 2025-04-27T01-07-59_976-jvmRun1 surefire-20250427010800042_1tmp surefire_0-20250427010800042_2tmp"/>
    <property name="jdk.debug" value="release"/>
    <property name="surefire.test.class.path" value="/home/eustache/Deepen-fullstack-Roadmap/Java/Fullstack-java-app/eCommerce-java-app/target/test-classes:/home/eustache/Deepen-fullstack-Roadmap/Java/Fullstack-java-app/eCommerce-java-app/target/classes:/home/eustache/.m2/repository/org/springframework/boot/spring-boot-starter-data-jpa/3.4.5/spring-boot-starter-data-jpa-3.4.5.jar:/home/eustache/.m2/repository/org/springframework/boot/spring-boot-starter/3.4.5/spring-boot-starter-3.4.5.jar:/home/eustache/.m2/repository/org/springframework/boot/spring-boot/3.4.5/spring-boot-3.4.5.jar:/home/eustache/.m2/repository/org/springframework/boot/spring-boot-autoconfigure/3.4.5/spring-boot-autoconfigure-3.4.5.jar:/home/eustache/.m2/repository/org/springframework/boot/spring-boot-starter-logging/3.4.5/spring-boot-starter-logging-3.4.5.jar:/home/eustache/.m2/repository/ch/qos/logback/logback-classic/1.5.18/logback-classic-1.5.18.jar:/home/eustache/.m2/repository/ch/qos/logback/logback-core/1.5.18/logback-core-1.5.18.jar:/home/eustache/.m2/repository/org/apache/logging/log4j/log4j-to-slf4j/2.24.3/log4j-to-slf4j-2.24.3.jar:/home/eustache/.m2/repository/org/apache/logging/log4j/log4j-api/2.24.3/log4j-api-2.24.3.jar:/home/eustache/.m2/repository/org/slf4j/jul-to-slf4j/2.0.17/jul-to-slf4j-2.0.17.jar:/home/eustache/.m2/repository/jakarta/annotation/jakarta.annotation-api/2.1.1/jakarta.annotation-api-2.1.1.jar:/home/eustache/.m2/repository/org/yaml/snakeyaml/2.3/snakeyaml-2.3.jar:/home/eustache/.m2/repository/org/springframework/boot/spring-boot-starter-jdbc/3.4.5/spring-boot-starter-jdbc-3.4.5.jar:/home/eustache/.m2/repository/com/zaxxer/HikariCP/5.1.0/HikariCP-5.1.0.jar:/home/eustache/.m2/repository/org/springframework/spring-jdbc/6.2.6/spring-jdbc-6.2.6.jar:/home/eustache/.m2/repository/org/hibernate/orm/hibernate-core/6.6.13.Final/hibernate-core-6.6.13.Final.jar:/home/eustache/.m2/repository/jakarta/persistence/jakarta.persistence-api/3.1.0/jakarta.persistence-api-3.1.0.jar:/home/eustache/.m2/repository/jakarta/transaction/jakarta.transaction-api/2.0.1/jakarta.transaction-api-2.0.1.jar:/home/eustache/.m2/repository/org/jboss/logging/jboss-logging/3.6.1.Final/jboss-logging-3.6.1.Final.jar:/home/eustache/.m2/repository/org/hibernate/common/hibernate-commons-annotations/7.0.3.Final/hibernate-commons-annotations-7.0.3.Final.jar:/home/eustache/.m2/repository/io/smallrye/jandex/3.2.0/jandex-3.2.0.jar:/home/eustache/.m2/repository/com/fasterxml/classmate/1.7.0/classmate-1.7.0.jar:/home/eustache/.m2/repository/net/bytebuddy/byte-buddy/1.15.11/byte-buddy-1.15.11.jar:/home/eustache/.m2/repository/org/glassfish/jaxb/jaxb-runtime/4.0.5/jaxb-runtime-4.0.5.jar:/home/eustache/.m2/repository/org/glassfish/jaxb/jaxb-core/4.0.5/jaxb-core-4.0.5.jar:/home/eustache/.m2/repository/org/eclipse/angus/angus-activation/2.0.2/angus-activation-2.0.2.jar:/home/eustache/.m2/repository/org/glassfish/jaxb/txw2/4.0.5/txw2-4.0.5.jar:/home/eustache/.m2/repository/com/sun/istack/istack-commons-runtime/4.1.2/istack-commons-runtime-4.1.2.jar:/home/eustache/.m2/repository/jakarta/inject/jakarta.inject-api/2.0.1/jakarta.inject-api-2.0.1.jar:/home/eustache/.m2/repository/org/antlr/antlr4-runtime/4.13.0/antlr4-runtime-4.13.0.jar:/home/eustache/.m2/repository/org/springframework/data/spring-data-jpa/3.4.5/spring-data-jpa-3.4.5.jar:/home/eustache/.m2/repository/org/springframework/data/spring-data-commons/3.4.5/spring-data-commons-3.4.5.jar:/home/eustache/.m2/repository/org/springframework/spring-orm/6.2.6/spring-orm-6.2.6.jar:/home/eustache/.m2/repository/org/springframework/spring-context/6.2.6/spring-context-6.2.6.jar:/home/eustache/.m2/repository/org/springframework/spring-aop/6.2.6/spring-aop-6.2.6.jar:/home/eustache/.m2/repository/org/springframework/spring-tx/6.2.6/spring-tx-6.2.6.jar:/home/eustache/.m2/repository/org/springframework/spring-beans/6.2.6/spring-beans-6.2.6.jar:/home/eustache/.m2/repository/org/slf4j/slf4j-api/2.0.17/slf4j-api-2.0.17.jar:/home/eustache/.m2/repository/org/springframework/spring-aspects/6.2.6/spring-aspects-6.2.6.jar:/home/eustache/.m2/repository/org/aspectj/aspectjweaver/1.9.24/aspectjweaver-1.9.24.jar:/home/eustache/.m2/repository/org/springframework/boot/spring-boot-starter-validation/3.4.5/spring-boot-starter-validation-3.4.5.jar:/home/eustache/.m2/repository/org/apache/tomcat/embed/tomcat-embed-el/10.1.40/tomcat-embed-el-10.1.40.jar:/home/eustache/.m2/repository/org/hibernate/validator/hibernate-validator/8.0.2.Final/hibernate-validator-8.0.2.Final.jar:/home/eustache/.m2/repository/jakarta/validation/jakarta.validation-api/3.0.2/jakarta.validation-api-3.0.2.jar:/home/eustache/.m2/repository/org/springframework/boot/spring-boot-starter-web/3.4.5/spring-boot-starter-web-3.4.5.jar:/home/eustache/.m2/repository/org/springframework/boot/spring-boot-starter-json/3.4.5/spring-boot-starter-json-3.4.5.jar:/home/eustache/.m2/repository/com/fasterxml/jackson/core/jackson-databind/2.18.3/jackson-databind-2.18.3.jar:/home/eustache/.m2/repository/com/fasterxml/jackson/core/jackson-annotations/2.18.3/jackson-annotations-2.18.3.jar:/home/eustache/.m2/repository/com/fasterxml/jackson/core/jackson-core/2.18.3/jackson-core-2.18.3.jar:/home/eustache/.m2/repository/com/fasterxml/jackson/datatype/jackson-datatype-jdk8/2.18.3/jackson-datatype-jdk8-2.18.3.jar:/home/eustache/.m2/repository/com/fasterxml/jackson/datatype/jackson-datatype-jsr310/2.18.3/jackson-datatype-jsr310-2.18.3.jar:/home/eustache/.m2/repository/com/fasterxml/jackson/module/jackson-module-parameter-names/2.18.3/jackson-module-parameter-names-2.18.3.jar:/home/eustache/.m2/repository/org/springframework/boot/spring-boot-starter-tomcat/3.4.5/spring-boot-starter-tomcat-3.4.5.jar:/home/eustache/.m2/repository/org/apache/tomcat/embed/tomcat-embed-core/10.1.40/tomcat-embed-core-10.1.40.jar:/home/eustache/.m2/repository/org/apache/tomcat/embed/tomcat-embed-websocket/10.1.40/tomcat-embed-websocket-10.1.40.jar:/home/eustache/.m2/repository/org/springframework/spring-web/6.2.6/spring-web-6.2.6.jar:/home/eustache/.m2/repository/io/micrometer/micrometer-observation/1.14.6/micrometer-observation-1.14.6.jar:/home/eustache/.m2/repository/io/micrometer/micrometer-commons/1.14.6/micrometer-commons-1.14.6.jar:/home/eustache/.m2/repository/org/springframework/spring-webmvc/6.2.6/spring-webmvc-6.2.6.jar:/home/eustache/.m2/repository/org/springframework/spring-expression/6.2.6/spring-expression-6.2.6.jar:/home/eustache/.m2/repository/org/mapstruct/mapstruct/1.5.5.Final/mapstruct-1.5.5.Final.jar:/home/eustache/.m2/repository/org/mapstruct/mapstruct-processor/1.5.5.Final/mapstruct-processor-1.5.5.Final.jar:/home/eustache/.m2/repository/org/mybatis/spring/boot/mybatis-spring-boot-starter/3.0.2/mybatis-spring-boot-starter-3.0.2.jar:/home/eustache/.m2/repository/org/mybatis/spring/boot/mybatis-spring-boot-autoconfigure/3.0.2/mybatis-spring-boot-autoconfigure-3.0.2.jar:/home/eustache/.m2/repository/org/mybatis/mybatis/3.5.13/mybatis-3.5.13.jar:/home/eustache/.m2/repository/org/mybatis/mybatis-spring/3.0.2/mybatis-spring-3.0.2.jar:/home/eustache/.m2/repository/org/springdoc/springdoc-openapi-starter-webmvc-ui/2.8.6/springdoc-openapi-starter-webmvc-ui-2.8.6.jar:/home/eustache/.m2/repository/org/springdoc/springdoc-openapi-starter-webmvc-api/2.8.6/springdoc-openapi-starter-webmvc-api-2.8.6.jar:/home/eustache/.m2/repository/org/springdoc/springdoc-openapi-starter-common/2.8.6/springdoc-openapi-starter-common-2.8.6.jar:/home/eustache/.m2/repository/io/swagger/core/v3/swagger-core-jakarta/2.2.29/swagger-core-jakarta-2.2.29.jar:/home/eustache/.m2/repository/org/apache/commons/commons-lang3/3.17.0/commons-lang3-3.17.0.jar:/home/eustache/.m2/repository/io/swagger/core/v3/swagger-annotations-jakarta/2.2.29/swagger-annotations-jakarta-2.2.29.jar:/home/eustache/.m2/repository/io/swagger/core/v3/swagger-models-jakarta/2.2.29/swagger-models-jakarta-2.2.29.jar:/home/eustache/.m2/repository/com/fasterxml/jackson/dataformat/jackson-dataformat-yaml/2.18.3/jackson-dataformat-yaml-2.18.3.jar:/home/eustache/.m2/repository/org/webjars/swagger-ui/5.20.1/swagger-ui-5.20.1.jar:/home/eustache/.m2/repository/org/webjars/webjars-locator-lite/1.0.1/webjars-locator-lite-1.0.1.jar:/home/eustache/.m2/repository/org/jspecify/jspecify/1.0.0/jspecify-1.0.0.jar:/home/eustache/.m2/repository/org/postgresql/postgresql/42.7.5/postgresql-42.7.5.jar:/home/eustache/.m2/repository/org/checkerframework/checker-qual/3.48.3/checker-qual-3.48.3.jar:/home/eustache/.m2/repository/org/projectlombok/lombok/1.18.38/lombok-1.18.38.jar:/home/eustache/.m2/repository/org/springframework/boot/spring-boot-starter-test/3.4.5/spring-boot-starter-test-3.4.5.jar:/home/eustache/.m2/repository/org/springframework/boot/spring-boot-test/3.4.5/spring-boot-test-3.4.5.jar:/home/eustache/.m2/repository/org/springframework/boot/spring-boot-test-autoconfigure/3.4.5/spring-boot-test-autoconfigure-3.4.5.jar:/home/eustache/.m2/repository/com/jayway/jsonpath/json-path/2.9.0/json-path-2.9.0.jar:/home/eustache/.m2/repository/jakarta/xml/bind/jakarta.xml.bind-api/4.0.2/jakarta.xml.bind-api-4.0.2.jar:/home/eustache/.m2/repository/jakarta/activation/jakarta.activation-api/2.1.3/jakarta.activation-api-2.1.3.jar:/home/eustache/.m2/repository/net/minidev/json-smart/2.5.2/json-smart-2.5.2.jar:/home/eustache/.m2/repository/net/minidev/accessors-smart/2.5.2/accessors-smart-2.5.2.jar:/home/eustache/.m2/repository/org/ow2/asm/asm/9.7.1/asm-9.7.1.jar:/home/eustache/.m2/repository/org/assertj/assertj-core/3.26.3/assertj-core-3.26.3.jar:/home/eustache/.m2/repository/org/awaitility/awaitility/4.2.2/awaitility-4.2.2.jar:/home/eustache/.m2/repository/org/hamcrest/hamcrest/2.2/hamcrest-2.2.jar:/home/eustache/.m2/repository/org/junit/jupiter/junit-jupiter/5.11.4/junit-jupiter-5.11.4.jar:/home/eustache/.m2/repository/org/junit/jupiter/junit-jupiter-api/5.11.4/junit-jupiter-api-5.11.4.jar:/home/eustache/.m2/repository/org/opentest4j/opentest4j/1.3.0/opentest4j-1.3.0.jar:/home/eustache/.m2/repository/org/junit/platform/junit-platform-commons/1.11.4/junit-platform-commons-1.11.4.jar:/home/eustache/.m2/repository/org/apiguardian/apiguardian-api/1.1.2/apiguardian-api-1.1.2.jar:/home/eustache/.m2/repository/org/junit/jupiter/junit-jupiter-params/5.11.4/junit-jupiter-params-5.11.4.jar:/home/eustache/.m2/repository/org/junit/jupiter/junit-jupiter-engine/5.11.4/junit-jupiter-engine-5.11.4.jar:/home/eustache/.m2/repository/org/junit/platform/junit-platform-engine/1.11.4/junit-platform-engine-1.11.4.jar:/home/eustache/.m2/repository/org/mockito/mockito-core/5.14.2/mockito-core-5.14.2.jar:/home/eustache/.m2/repository/net/bytebuddy/byte-buddy-agent/1.15.11/byte-buddy-agent-1.15.11.jar:/home/eustache/.m2/repository/org/objenesis/objenesis/3.3/objenesis-3.3.jar:/home/eustache/.m2/repository/org/mockito/mockito-junit-jupiter/5.14.2/mockito-junit-jupiter-5.14.2.jar:/home/eustache/.m2/repository/org/skyscreamer/jsonassert/1.5.3/jsonassert-1.5.3.jar:/home/eustache/.m2/repository/com/vaadin/external/google/android-json/0.0.20131108.vaadin1/android-json-0.0.20131108.vaadin1.jar:/home/eustache/.m2/repository/org/springframework/spring-core/6.2.6/spring-core-6.2.6.jar:/home/eustache/.m2/repository/org/springframework/spring-jcl/6.2.6/spring-jcl-6.2.6.jar:/home/eustache/.m2/repository/org/springframework/spring-test/6.2.6/spring-test-6.2.6.jar:/home/eustache/.m2/repository/org/xmlunit/xmlunit-core/2.10.0/xmlunit-core-2.10.0.jar:"/>
    <property name="sun.cpu.endian" value="little"/>
    <property name="user.home" value="/home/eustache"/>
    <property name="user.language" value="en"/>
    <property name="java.specification.vendor" value="Oracle Corporation"/>
    <property name="java.version.date" value="2025-01-21"/>
    <property name="java.home" value="/home/eustache/jdk-21_linux/jdk-21.0.6"/>
    <property name="file.separator" value="/"/>
    <property name="basedir" value="/home/eustache/Deepen-fullstack-Roadmap/Java/Fullstack-java-app/eCommerce-java-app"/>
    <property name="java.vm.compressedOopsMode" value="Zero based"/>
    <property name="line.separator" value="&#10;"/>
    <property name="java.vm.specification.vendor" value="Oracle Corporation"/>
    <property name="java.specification.name" value="Java Platform API Specification"/>
    <property name="FILE_LOG_CHARSET" value="UTF-8"/>
    <property name="java.awt.headless" value="true"/>
    <property name="surefire.real.class.path" value="/home/eustache/Deepen-fullstack-Roadmap/Java/Fullstack-java-app/eCommerce-java-app/target/surefire/surefirebooter-20250427010800042_3.jar"/>
    <property name="sun.management.compiler" value="HotSpot 64-Bit Tiered Compilers"/>
    <property name="java.runtime.version" value="21.0.6+8-LTS-188"/>
    <property name="user.name" value="eustache"/>
    <property name="stdout.encoding" value="UTF-8"/>
    <property name="path.separator" value=":"/>
    <property name="os.version" value="6.11.0-21-generic"/>
    <property name="java.runtime.name" value="Java(TM) SE Runtime Environment"/>
    <property name="file.encoding" value="UTF-8"/>
    <property name="java.vm.name" value="Java HotSpot(TM) 64-Bit Server VM"/>
    <property name="localRepository" value="/home/eustache/.m2/repository"/>
    <property name="java.vendor.url.bug" value="https://bugreport.java.com/bugreport/"/>
    <property name="java.io.tmpdir" value="/tmp"/>
    <property name="com.zaxxer.hikari.pool_number" value="1"/>
    <property name="java.version" value="21.0.6"/>
    <property name="user.dir" value="/home/eustache/Deepen-fullstack-Roadmap/Java/Fullstack-java-app/eCommerce-java-app"/>
    <property name="os.arch" value="amd64"/>
    <property name="java.vm.specification.name" value="Java Virtual Machine Specification"/>
    <property name="PID" value="1102726"/>
    <property name="CONSOLE_LOG_CHARSET" value="UTF-8"/>
    <property name="native.encoding" value="UTF-8"/>
    <property name="java.library.path" value="/usr/java/packages/lib:/usr/lib64:/lib64:/lib:/usr/lib"/>
    <property name="java.vm.info" value="mixed mode, sharing"/>
    <property name="stderr.encoding" value="UTF-8"/>
    <property name="java.vendor" value="Oracle Corporation"/>
    <property name="java.vm.version" value="21.0.6+8-LTS-188"/>
    <property name="sun.io.unicode.encoding" value="UnicodeLittle"/>
    <property name="java.class.version" value="65.0"/>
    <property name="LOGGED_APPLICATION_NAME" value="[eCommerce-java-app] "/>
  </properties>
  <testcase name="contextLoads" classname="com.eustachecode.eCommerce_java_app.ECommerceJavaAppApplicationTests" time="0.438">
    <system-out><![CDATA[01:08:00.698 [main] INFO org.springframework.test.context.support.AnnotationConfigContextLoaderUtils -- Could not detect default configuration classes for test class [com.eustachecode.eCommerce_java_app.ECommerceJavaAppApplicationTests]: ECommerceJavaAppApplicationTests does not declare any static, non-private, non-final, nested classes annotated with @Configuration.
01:08:00.803 [main] INFO org.springframework.boot.test.context.SpringBootTestContextBootstrapper -- Found @SpringBootConfiguration com.eustachecode.eCommerce_java_app.ECommerceJavaAppApplication for test class com.eustachecode.eCommerce_java_app.ECommerceJavaAppApplicationTests
            █████████
           ███░░░░░███
  ██████  ███     ░░░   ██████  █████████████   █████████████    ██████  ████████   ██████   ██████
 ███░░███░███          ███░░███░░███░░███░░███ ░░███░░███░░███  ███░░███░░███░░███ ███░░███ ███░░███
░███████ ░███         ░███ ░███ ░███ ░███ ░███  ░███ ░███ ░███ ░███████  ░███ ░░░ ░███ ░░░ ░███████
░███░░░  ░░███     ███░███ ░███ ░███ ░███ ░███  ░███ ░███ ░███ ░███░░░   ░███     ░███  ███░███░░░
░░██████  ░░█████████ ░░██████  █████░███ █████ █████░███ █████░░██████  █████    ░░██████ ░░██████
 ░░░░░░    ░░░░░░░░░   ░░░░░░  ░░░░░ ░░░ ░░░░░ ░░░░░ ░░░ ░░░░░  ░░░░░░  ░░░░░      ░░░░░░   ░░░░░░



2025-04-27T01:08:01.161+03:00  INFO 1102726 --- [eCommerce-java-app] [           main] c.e.e.ECommerceJavaAppApplicationTests   : Starting ECommerceJavaAppApplicationTests using Java 21.0.6 with PID 1102726 (started by eustache in /home/eustache/Deepen-fullstack-Roadmap/Java/Fullstack-java-app/eCommerce-java-app)
2025-04-27T01:08:01.165+03:00  INFO 1102726 --- [eCommerce-java-app] [           main] c.e.e.ECommerceJavaAppApplicationTests   : No active profile set, falling back to 1 default profile: "default"
2025-04-27T01:08:02.016+03:00  INFO 1102726 --- [eCommerce-java-app] [           main] .s.d.r.c.RepositoryConfigurationDelegate : Bootstrapping Spring Data JPA repositories in DEFAULT mode.
2025-04-27T01:08:02.079+03:00  INFO 1102726 --- [eCommerce-java-app] [           main] .s.d.r.c.RepositoryConfigurationDelegate : Finished Spring Data repository scanning in 54 ms. Found 3 JPA repository interfaces.
2025-04-27T01:08:02.195+03:00  WARN 1102726 --- [eCommerce-java-app] [           main] o.m.s.mapper.ClassPathMapperScanner      : No MyBatis mapper was found in '[com.eustachecode.eCommerce_java_app]' package. Please check your configuration.
2025-04-27T01:08:02.498+03:00  INFO 1102726 --- [eCommerce-java-app] [           main] o.hibernate.jpa.internal.util.LogHelper  : HHH000204: Processing PersistenceUnitInfo [name: default]
2025-04-27T01:08:02.533+03:00  INFO 1102726 --- [eCommerce-java-app] [           main] org.hibernate.Version                    : HHH000412: Hibernate ORM core version 6.6.13.Final
2025-04-27T01:08:02.581+03:00  INFO 1102726 --- [eCommerce-java-app] [           main] o.h.c.internal.RegionFactoryInitiator    : HHH000026: Second-level cache disabled
2025-04-27T01:08:02.791+03:00  INFO 1102726 --- [eCommerce-java-app] [           main] o.s.o.j.p.SpringPersistenceUnitInfo      : No LoadTimeWeaver setup: ignoring JPA class transformer
2025-04-27T01:08:02.814+03:00  INFO 1102726 --- [eCommerce-java-app] [           main] com.zaxxer.hikari.HikariDataSource       : HikariPool-1 - Starting...
2025-04-27T01:08:03.110+03:00  INFO 1102726 --- [eCommerce-java-app] [           main] com.zaxxer.hikari.pool.HikariPool        : HikariPool-1 - Added connection org.postgresql.jdbc.PgConnection@4ec8d9b2
2025-04-27T01:08:03.111+03:00  INFO 1102726 --- [eCommerce-java-app] [           main] com.zaxxer.hikari.HikariDataSource       : HikariPool-1 - Start completed.
2025-04-27T01:08:03.136+03:00  WARN 1102726 --- [eCommerce-java-app] [           main] org.hibernate.orm.deprecation            : HHH90000025: PostgreSQLDialect does not need to be specified explicitly using 'hibernate.dialect' (remove the property setting and it will be selected by default)
2025-04-27T01:08:03.151+03:00  INFO 1102726 --- [eCommerce-java-app] [           main] org.hibernate.orm.connections.pooling    : HHH10001005: Database info:
	Database JDBC URL [Connecting through datasource 'HikariDataSource (HikariPool-1)']
	Database driver: undefined/unknown
	Database version: 16.8
	Autocommit mode: undefined/unknown
	Isolation level: undefined/unknown
	Minimum pool size: undefined/unknown
	Maximum pool size: undefined/unknown
2025-04-27T01:08:04.034+03:00  INFO 1102726 --- [eCommerce-java-app] [           main] o.h.e.t.j.p.i.JtaPlatformInitiator       : HHH000489: No JTA platform available (set 'hibernate.transaction.jta.platform' to enable JTA platform integration)
Hibernate: set client_min_messages = WARNING
Hibernate: alter table if exists order_items drop constraint if exists FKbioxgbv59vetrxe0ejfubep1w
Hibernate: alter table if exists order_items drop constraint if exists FKocimc7dtr037rh4ls4l95nlfi
Hibernate: alter table if exists orders drop constraint if exists FKpxtb8awmi0dk6smoh2vp1litg
Hibernate: alter table if exists payments drop constraint if exists FKcfbxlc6plvh3ucaexcx3m7mom
Hibernate: alter table if exists products drop constraint if exists FKog2rp4qthbtt2lfyhfo32lsw9
Hibernate: drop table if exists categories cascade
Hibernate: drop table if exists customers cascade
Hibernate: drop table if exists order_items cascade
Hibernate: drop table if exists orders cascade
Hibernate: drop table if exists payments cascade
Hibernate: drop table if exists products cascade
Hibernate: create table categories (category_id integer generated by default as identity, category_name varchar(255) not null, description varchar(255), primary key (category_id))
Hibernate: create table customers (customer_id integer generated by default as identity, address varchar(255), email varchar(255) not null unique, name varchar(255) not null, password varchar(255) not null, primary key (customer_id))
Hibernate: create table order_items (order_id integer not null, order_item_id integer generated by default as identity, product_id integer not null, quantity integer not null, primary key (order_item_id))
Hibernate: create table orders (customer_id integer not null, order_id integer generated by default as identity, total_amount float(53) not null, order_date timestamp(6), primary key (order_id))
Hibernate: create table payments (amount float(53) not null, oder_id integer not null, payment_id integer generated by default as identity, payment_date timestamp(6), currency varchar(255), payment_status varchar(255) not null, primary key (payment_id))
Hibernate: create table products (category_id integer not null, price float(53) not null, product_id integer generated by default as identity, stock integer not null, product_name varchar(255) not null, primary key (product_id))
Hibernate: alter table if exists order_items add constraint FKbioxgbv59vetrxe0ejfubep1w foreign key (order_id) references orders
Hibernate: alter table if exists order_items add constraint FKocimc7dtr037rh4ls4l95nlfi foreign key (product_id) references products
Hibernate: alter table if exists orders add constraint FKpxtb8awmi0dk6smoh2vp1litg foreign key (customer_id) references customers
Hibernate: alter table if exists payments add constraint FKcfbxlc6plvh3ucaexcx3m7mom foreign key (oder_id) references orders
Hibernate: alter table if exists products add constraint FKog2rp4qthbtt2lfyhfo32lsw9 foreign key (category_id) references categories
2025-04-27T01:08:04.207+03:00  INFO 1102726 --- [eCommerce-java-app] [           main] j.LocalContainerEntityManagerFactoryBean : Initialized JPA EntityManagerFactory for persistence unit 'default'
2025-04-27T01:08:04.601+03:00  WARN 1102726 --- [eCommerce-java-app] [           main] JpaBaseConfiguration$JpaWebConfiguration : spring.jpa.open-in-view is enabled by default. Therefore, database queries may be performed during view rendering. Explicitly configure spring.jpa.open-in-view to disable this warning
2025-04-27T01:08:05.118+03:00  INFO 1102726 --- [eCommerce-java-app] [           main] c.e.e.ECommerceJavaAppApplicationTests   : Started ECommerceJavaAppApplicationTests in 4.192 seconds (process running for 5.008)
]]></system-out>
    <system-err><![CDATA[Mockito is currently self-attaching to enable the inline-mock-maker. This will no longer work in future releases of the JDK. Please add Mockito as an agent to your build what is described in Mockito's documentation: https://javadoc.io/doc/org.mockito/mockito-core/latest/org/mockito/Mockito.html#0.3
WARNING: A Java agent has been loaded dynamically (/home/eustache/.m2/repository/net/bytebuddy/byte-buddy-agent/1.15.11/byte-buddy-agent-1.15.11.jar)
WARNING: If a serviceability tool is in use, please run with -XX:+EnableDynamicAgentLoading to hide this warning
WARNING: If a serviceability tool is not in use, please run with -Djdk.instrument.traceUsage for more information
WARNING: Dynamic loading of agents will be disallowed by default in a future release
]]></system-err>
  </testcase>
</testsuite>